============================= test session starts ==============================
platform darwin -- Python 3.11.13, pytest-9.1.1, pluggy-1.6.0
rootdir: /private/tmp/autoflow-uuid-build-Qiz4xl/apps/backend
configfile: pyproject.toml
plugins: asyncio-1.4.0, anyio-4.15.1
asyncio: mode=Mode.STRICT, debug=False, asyncio_default_fixture_loop_scope=None, asyncio_default_test_loop_scope=function
collected 1415 items

tests/contract/test_kernel_events.py .....                               [  0%]
tests/contract/test_kernels.py ........                                  [  0%]
tests/contract/test_merged_management.py .                               [  0%]
tests/contract/test_models_api.py ...                                    [  1%]
tests/contract/test_pm2_excel_exports.py .                               [  1%]
tests/contract/test_pm2_excel_imports.py ..........                      [  1%]
tests/contract/test_pm2_excel_inspection.py .                            [  2%]
tests/contract/test_pm2_excel_inspection_recovery.py ..                  [  2%]
tests/contract/test_pm2_hidden_tables.py .                               [  2%]
tests/contract/test_pm2_status_batch_integration.py ..                   [  2%]
tests/contract/test_profile_environment.py .........                     [  3%]
tests/contract/test_profiles.py ..........                               [  3%]
tests/contract/test_project_automation_application.py .                  [  3%]
tests/contract/test_project_automations.py .......                       [  4%]
tests/contract/test_project_data.py ....                                 [  4%]
tests/contract/test_project_data_catalog.py ....                         [  4%]
tests/contract/test_project_data_deletions.py .....                      [  5%]
tests/contract/test_project_data_field_changes.py ..                     [  5%]
tests/contract/test_project_data_queries.py ..                           [  5%]
tests/contract/test_project_data_record_batches.py ..                    [  5%]
tests/contract/test_project_data_records.py .....                        [  6%]
tests/contract/test_project_data_schema.py ........                      [  6%]
tests/contract/test_project_data_status_usage.py ...                     [  6%]
tests/contract/test_project_run_events.py .......                        [  7%]
tests/contract/test_project_run_evidence.py ............                 [  8%]
tests/contract/test_project_runs.py ..............                       [  9%]
tests/contract/test_projects.py .....                                    [  9%]
tests/contract/test_proxy_api.py ..                                      [  9%]
tests/contract/test_proxy_remote_controls.py .............               [ 10%]
tests/contract/test_proxy_runtime.py ........                            [ 11%]
tests/contract/test_schema_export.py ...                                 [ 11%]
tests/contract/test_settings_dashboard.py .......                        [ 11%]
tests/contract/test_studio_browser_script.py ................            [ 12%]
tests/contract/test_studio_browser_status.py ........                    [ 13%]
tests/contract/test_studio_command_envelopes.py ...................      [ 14%]
tests/contract/test_studio_debug_control.py .............                [ 15%]
tests/contract/test_studio_image_schemas.py .....................        [ 17%]
tests/contract/test_studio_input_schemas.py ............................ [ 19%]
..                                                                       [ 19%]
tests/contract/test_studio_js_script.py ........                         [ 19%]
tests/contract/test_studio_mcp.py .............................          [ 21%]
tests/contract/test_studio_path_selection.py ....................        [ 23%]
tests/contract/test_studio_required_fields.py ..............             [ 24%]
tests/contract/test_studio_selector_schemas.py ..................        [ 25%]
tests/contract/test_studio_similar_schemas.py ............               [ 26%]
tests/contract/test_studio_speech.py ...........                         [ 27%]
tests/contract/test_studio_variable_tracking.py .......                  [ 27%]
tests/contract/test_workflow_catalog.py ...                              [ 27%]
tests/integration/test_browser_database.py ..                            [ 28%]
tests/integration/test_database_foreign_keys.py .                        [ 28%]
tests/integration/test_kernel_settings.py .                              [ 28%]
tests/integration/test_kernel_worker.py ...............................  [ 30%]
tests/integration/test_kernel_worker_entrypoint.py ....                  [ 30%]
tests/integration/test_merged_model_migrations.py ........               [ 31%]
tests/integration/test_model_repository.py ...                           [ 31%]
tests/integration/test_pm2_durable_migrations.py ...                     [ 31%]
tests/integration/test_profile_data.py ............                      [ 32%]
tests/integration/test_profile_kernel_lookup.py .                        [ 32%]
tests/integration/test_profile_recovery.py ...                           [ 32%]
tests/integration/test_project_automation_migration.py ....              [ 33%]
tests/integration/test_project_automation_repository.py ....             [ 33%]
tests/integration/test_project_batch_real_cloakbrowser.py ssss           [ 33%]
tests/integration/test_project_data_catalog.py .............             [ 34%]
tests/integration/test_project_data_deletions.py ............            [ 35%]
tests/integration/test_project_data_field_changes.py ..............      [ 36%]
tests/integration/test_project_data_impacts.py ..................        [ 37%]
tests/integration/test_project_data_migrations.py .............          [ 38%]
tests/integration/test_project_data_queries.py ......                    [ 39%]
tests/integration/test_project_data_record_batches.py ...........        [ 39%]
tests/integration/test_project_data_records.py ................          [ 40%]
tests/integration/test_project_data_repository.py ...................... [ 42%]
.........                                                                [ 43%]
tests/integration/test_project_data_schema_commit.py ................... [ 44%]
......                                                                   [ 44%]
tests/integration/test_project_data_schema_migration.py .....            [ 45%]
tests/integration/test_project_data_schema_preview.py ...........        [ 46%]
tests/integration/test_project_data_status_batches.py .............      [ 46%]
tests/integration/test_project_data_status_migration.py ....             [ 47%]
tests/integration/test_project_excel_exports.py ...                      [ 47%]
tests/integration/test_project_excel_services.py ..                      [ 47%]
tests/integration/test_project_migration.py ..                           [ 47%]
tests/integration/test_project_repository.py ...........                 [ 48%]
tests/integration/test_project_run_dispatch.py ............              [ 49%]
tests/integration/test_project_run_migration.py .....                    [ 49%]
tests/integration/test_project_run_start.py .............                [ 50%]
tests/integration/test_proxy_concurrency_review.py ..........            [ 51%]
tests/integration/test_proxy_management.py .....                         [ 51%]
tests/integration/test_proxypanel_live_contract.py ...                   [ 51%]
tests/integration/test_sidecar_shutdown.py .....                         [ 52%]
tests/integration/test_workflow_artifacts.py ..                          [ 52%]
tests/integration/test_workflow_content_uow.py .......                   [ 52%]
tests/integration/test_workflow_dispatch.py .......................      [ 54%]
tests/integration/test_workflow_document_migration.py ..                 [ 54%]
tests/integration/test_workflow_real_cloakbrowser.py ssss                [ 54%]
tests/integration/test_workflow_recovery.py ........                     [ 55%]
tests/integration/test_workflow_repository.py ................           [ 56%]
tests/integration/test_workflow_runtime_migration.py ..........          [ 57%]
tests/integration/test_workflow_runtime_repository.py .............      [ 58%]
tests/integration/test_workflow_worker_process.py ................       [ 59%]
tests/unit/test_browser_processes.py ........                            [ 60%]
tests/unit/test_browser_proxy_relay.py ....                              [ 60%]
tests/unit/test_config.py .                                              [ 60%]
tests/unit/test_cors.py ..                                               [ 60%]
tests/unit/test_credential_store.py .....                                [ 60%]
tests/unit/test_health.py .                                              [ 60%]
tests/unit/test_http_errors.py .....                                     [ 61%]
tests/unit/test_kernel_operations.py .............                       [ 62%]
tests/unit/test_kernel_provider.py ................................      [ 64%]
tests/unit/test_kernel_service.py ...........                            [ 65%]
tests/unit/test_main.py .....                                            [ 65%]
tests/unit/test_model_domain.py .                                        [ 65%]
tests/unit/test_model_provider.py ..............................         [ 67%]
tests/unit/test_model_schemas.py ...................                     [ 69%]
tests/unit/test_model_service.py ...........                             [ 69%]
tests/unit/test_parent.py .                                              [ 69%]
tests/unit/test_paths.py ...                                             [ 70%]
tests/unit/test_profile_test_browser.py ..........                       [ 70%]
tests/unit/test_profile_validation.py .............................      [ 72%]
tests/unit/test_profiles.py .....                                        [ 73%]
tests/unit/test_project_automation_resources.py .......                  [ 73%]
tests/unit/test_project_automation_rules.py .......                      [ 74%]
tests/unit/test_project_data_query.py ................                   [ 75%]
tests/unit/test_project_data_rules.py .................................. [ 77%]
.............................                                            [ 79%]
tests/unit/test_project_data_schema.py ................................. [ 82%]
.......                                                                  [ 82%]
tests/unit/test_project_excel_adapter.py ..............................  [ 84%]
tests/unit/test_project_excel_publication.py ....                        [ 85%]
tests/unit/test_project_run_presentation.py .                            [ 85%]
tests/unit/test_project_run_resources.py .........                       [ 85%]
tests/unit/test_project_run_rules.py ......................              [ 87%]
tests/unit/test_project_service.py .....                                 [ 87%]
tests/unit/test_proxy_credentials_atomicity.py .                         [ 87%]
tests/unit/test_proxy_domain.py .                                        [ 87%]
tests/unit/test_proxy_probe.py ...................                       [ 89%]
tests/unit/test_proxypanel_mapping.py .........                          [ 89%]
tests/unit/test_proxypanel_remote.py ...........                         [ 90%]
tests/unit/test_proxypanel_transport.py ........                         [ 91%]
tests/unit/test_ready.py .                                               [ 91%]
tests/unit/test_token.py ..                                              [ 91%]
tests/unit/test_workflow_artifacts.py ......                             [ 91%]
tests/unit/test_workflow_browser_resources.py .......                    [ 92%]
tests/unit/test_workflow_drafts.py ...................................   [ 94%]
tests/unit/test_workflow_run_validation.py ............................. [ 96%]
..................                                                       [ 98%]
tests/unit/test_workflow_runtime.py ...........                          [ 98%]
tests/unit/test_workflow_worker.py ................                      [100%]

=============================== warnings summary ===============================
.venv/lib/python3.11/site-packages/fastapi/testclient.py:1
  /private/tmp/autoflow-uuid-build-Qiz4xl/apps/backend/.venv/lib/python3.11/site-packages/fastapi/testclient.py:1: StarletteDeprecationWarning: Using `httpx` with `starlette.testclient` is deprecated; install `httpx2` instead.
    from starlette.testclient import TestClient as TestClient  # noqa

.venv/lib/python3.11/site-packages/starlette/testclient.py:53
  /private/tmp/autoflow-uuid-build-Qiz4xl/apps/backend/.venv/lib/python3.11/site-packages/starlette/testclient.py:53: DeprecationWarning: The anyio.abc.BlockingPortal alias is deprecated, use anyio.from_thread.BlockingPortal instead.
    _PortalFactoryType = Callable[[], AbstractContextManager[anyio.abc.BlockingPortal]]

-- Docs: https://docs.pytest.org/en/stable/how-to/capture-warnings.html
=========== 1407 passed, 8 skipped, 2 warnings in 194.22s (0:03:14) ============
