============================= test session starts ==============================
platform darwin -- Python 3.11.13, pytest-9.1.1, pluggy-1.6.0
rootdir: /Users/zhangtiancheng/Documents/projects/autoflow-record-grid-entry/apps/backend
configfile: pyproject.toml
plugins: asyncio-1.4.0, anyio-4.15.1
asyncio: mode=Mode.STRICT, debug=False, asyncio_default_fixture_loop_scope=None, asyncio_default_test_loop_scope=function
collected 773 items

tests/contract/test_kernel_events.py .....                               [  0%]
tests/contract/test_kernels.py ........                                  [  1%]
tests/contract/test_merged_management.py .                               [  1%]
tests/contract/test_models_api.py ...                                    [  2%]
tests/contract/test_pm2_excel_exports.py .                               [  2%]
tests/contract/test_pm2_excel_imports.py ..........                      [  3%]
tests/contract/test_pm2_excel_inspection.py .                            [  3%]
tests/contract/test_pm2_excel_inspection_recovery.py ..                  [  4%]
tests/contract/test_pm2_hidden_tables.py .                               [  4%]
tests/contract/test_pm2_status_batch_integration.py .                    [  4%]
tests/contract/test_profile_environment.py .........                     [  5%]
tests/contract/test_profiles.py ..........                               [  6%]
tests/contract/test_project_data.py ....                                 [  7%]
tests/contract/test_project_data_catalog.py ....                         [  7%]
tests/contract/test_project_data_deletions.py .....                      [  8%]
tests/contract/test_project_data_field_changes.py ..                     [  8%]
tests/contract/test_project_data_queries.py ..                           [  8%]
tests/contract/test_project_data_record_batches.py ..                    [  9%]
tests/contract/test_project_data_records.py .....                        [  9%]
tests/contract/test_projects.py .....                                    [ 10%]
tests/contract/test_proxy_api.py ..                                      [ 10%]
tests/contract/test_proxy_remote_controls.py .............               [ 12%]
tests/contract/test_proxy_runtime.py ........                            [ 13%]
tests/contract/test_settings_dashboard.py .......                        [ 14%]
tests/contract/test_workflows.py ....................                    [ 16%]
tests/integration/test_browser_database.py ..                            [ 17%]
tests/integration/test_database_foreign_keys.py .                        [ 17%]
tests/integration/test_kernel_settings.py .                              [ 17%]
tests/integration/test_kernel_worker.py ...............................  [ 21%]
tests/integration/test_kernel_worker_entrypoint.py ....                  [ 21%]
tests/integration/test_merged_model_migrations.py ....                   [ 22%]
tests/integration/test_model_repository.py ...                           [ 22%]
tests/integration/test_pm2_durable_migrations.py ...                     [ 23%]
tests/integration/test_profile_data.py ............                      [ 24%]
tests/integration/test_profile_kernel_lookup.py .                        [ 24%]
tests/integration/test_profile_recovery.py ...                           [ 25%]
tests/integration/test_project_data_catalog.py .............             [ 27%]
tests/integration/test_project_data_deletions.py ............            [ 28%]
tests/integration/test_project_data_field_changes.py ..............      [ 30%]
tests/integration/test_project_data_impacts.py ..................        [ 32%]
tests/integration/test_project_data_migrations.py .............          [ 34%]
tests/integration/test_project_data_queries.py ......                    [ 35%]
tests/integration/test_project_data_record_batches.py ...........        [ 36%]
tests/integration/test_project_data_records.py ................          [ 38%]
tests/integration/test_project_data_repository.py ...................... [ 41%]
.........                                                                [ 42%]
tests/integration/test_project_data_status_batches.py .............      [ 44%]
tests/integration/test_project_data_status_migration.py ....             [ 44%]
tests/integration/test_project_excel_exports.py ...                      [ 45%]
tests/integration/test_project_excel_services.py ..                      [ 45%]
tests/integration/test_project_migration.py ..                           [ 45%]
tests/integration/test_project_repository.py ...........                 [ 47%]
tests/integration/test_proxy_concurrency_review.py ..........            [ 48%]
tests/integration/test_proxy_management.py .....                         [ 49%]
tests/integration/test_proxypanel_live_contract.py ...                   [ 49%]
tests/integration/test_sidecar_shutdown.py ....                          [ 50%]
tests/integration/test_workflow_repository.py ...                        [ 50%]
tests/unit/test_browser_proxy_relay.py ....                              [ 50%]
tests/unit/test_config.py .                                              [ 51%]
tests/unit/test_cors.py ..                                               [ 51%]
tests/unit/test_credential_store.py .....                                [ 52%]
tests/unit/test_health.py .                                              [ 52%]
tests/unit/test_http_errors.py .....                                     [ 52%]
tests/unit/test_kernel_operations.py .............                       [ 54%]
tests/unit/test_kernel_provider.py ................................      [ 58%]
tests/unit/test_kernel_service.py ...........                            [ 60%]
tests/unit/test_main.py .....                                            [ 60%]
tests/unit/test_model_domain.py .                                        [ 60%]
tests/unit/test_model_provider.py ..............................         [ 64%]
tests/unit/test_model_schemas.py ...................                     [ 67%]
tests/unit/test_model_service.py ...........                             [ 68%]
tests/unit/test_parent.py .                                              [ 68%]
tests/unit/test_paths.py ...                                             [ 69%]
tests/unit/test_profile_test_browser.py ..........                       [ 70%]
tests/unit/test_profile_validation.py .............................      [ 74%]
tests/unit/test_profiles.py .....                                        [ 74%]
tests/unit/test_project_data_query.py ................                   [ 76%]
tests/unit/test_project_data_rules.py .................................. [ 81%]
.............................                                            [ 84%]
tests/unit/test_project_excel_adapter.py ..............................  [ 88%]
tests/unit/test_project_excel_publication.py ....                        [ 89%]
tests/unit/test_project_service.py .....                                 [ 90%]
tests/unit/test_proxy_credentials_atomicity.py .                         [ 90%]
tests/unit/test_proxy_domain.py .                                        [ 90%]
tests/unit/test_proxy_probe.py ...................                       [ 92%]
tests/unit/test_proxypanel_mapping.py .........                          [ 93%]
tests/unit/test_proxypanel_remote.py ...........                         [ 95%]
tests/unit/test_proxypanel_transport.py ........                         [ 96%]
tests/unit/test_ready.py .                                               [ 96%]
tests/unit/test_token.py ..                                              [ 96%]
tests/unit/test_workflow_drafts.py .........................             [100%]

=============================== warnings summary ===============================
.venv/lib/python3.11/site-packages/fastapi/testclient.py:1
  /Users/zhangtiancheng/Documents/projects/autoflow-record-grid-entry/apps/backend/.venv/lib/python3.11/site-packages/fastapi/testclient.py:1: StarletteDeprecationWarning: Using `httpx` with `starlette.testclient` is deprecated; install `httpx2` instead.
    from starlette.testclient import TestClient as TestClient  # noqa

.venv/lib/python3.11/site-packages/starlette/testclient.py:53
  /Users/zhangtiancheng/Documents/projects/autoflow-record-grid-entry/apps/backend/.venv/lib/python3.11/site-packages/starlette/testclient.py:53: DeprecationWarning: The anyio.abc.BlockingPortal alias is deprecated, use anyio.from_thread.BlockingPortal instead.
    _PortalFactoryType = Callable[[], AbstractContextManager[anyio.abc.BlockingPortal]]

-- Docs: https://docs.pytest.org/en/stable/how-to/capture-warnings.html
================= 773 passed, 2 warnings in 124.26s (0:02:04) ==================
